build/app/intermediates/manifest_merge_blame_file/release/processReleaseMainManifest/manifest-merger-blame-release-report.txt
1<?xml version="1.0" encoding="utf-8"?>
2<manifest xmlns:android="http://schemas.android.com/apk/res/android"
3    package="com.aslahmogral.wirdullatif"
4    android:versionCode="8"
5    android:versionName="3.0.0" >
6
7    <uses-sdk
8        android:minSdkVersion="21"
9        android:targetSdkVersion="35" />
10    <!--
11         Required to query activities that can process text, see:
12         https://developer.android.com/training/package-visibility and
13         https://developer.android.com/reference/android/content/Intent#ACTION_PROCESS_TEXT.
14
15         In particular, this is used by the Flutter engine in io.flutter.plugin.text.ProcessTextPlugin.
16    -->
17    <queries>
17-->src/main/AndroidManifest.xml:39:5-44:15
18        <intent>
18-->src/main/AndroidManifest.xml:40:9-43:18
19            <action android:name="android.intent.action.PROCESS_TEXT" />
19-->src/main/AndroidManifest.xml:41:13-72
19-->src/main/AndroidManifest.xml:41:21-70
20
21            <data android:mimeType="text/plain" />
21-->src/main/AndroidManifest.xml:42:13-50
21-->src/main/AndroidManifest.xml:42:19-48
22        </intent>
23        <intent>
23-->[:flutter_inappwebview_android] AndroidManifest.xml:8:9-10:18
24            <action android:name="android.support.customtabs.action.CustomTabsService" />
24-->[:flutter_inappwebview_android] AndroidManifest.xml:9:13-90
24-->[:flutter_inappwebview_android] AndroidManifest.xml:9:21-87
25        </intent>
26    </queries>
27
28    <uses-permission android:name="android.permission.ACCESS_NETWORK_STATE" />
28-->[:firebase_analytics] AndroidManifest.xml:7:5-79
28-->[:firebase_analytics] AndroidManifest.xml:7:22-76
29    <uses-permission android:name="android.permission.INTERNET" />
29-->[:firebase_analytics] AndroidManifest.xml:8:5-67
29-->[:firebase_analytics] AndroidManifest.xml:8:22-64
30    <uses-permission android:name="android.permission.WAKE_LOCK" />
30-->[:firebase_analytics] AndroidManifest.xml:9:5-68
30-->[:firebase_analytics] AndroidManifest.xml:9:22-65
31    <uses-permission android:name="com.google.android.gms.permission.AD_ID" />
31-->[com.google.android.gms:play-services-measurement-api:22.1.2] AndroidManifest.xml:25:5-79
31-->[com.google.android.gms:play-services-measurement-api:22.1.2] AndroidManifest.xml:25:22-76
32    <uses-permission android:name="android.permission.ACCESS_ADSERVICES_ATTRIBUTION" />
32-->[com.google.android.gms:play-services-measurement-api:22.1.2] AndroidManifest.xml:26:5-88
32-->[com.google.android.gms:play-services-measurement-api:22.1.2] AndroidManifest.xml:26:22-85
33    <uses-permission android:name="android.permission.ACCESS_ADSERVICES_AD_ID" />
33-->[com.google.android.gms:play-services-measurement-api:22.1.2] AndroidManifest.xml:27:5-82
33-->[com.google.android.gms:play-services-measurement-api:22.1.2] AndroidManifest.xml:27:22-79
34    <uses-permission android:name="com.google.android.finsky.permission.BIND_GET_INSTALL_REFERRER_SERVICE" />
34-->[com.google.android.gms:play-services-measurement:22.1.2] AndroidManifest.xml:26:5-110
34-->[com.google.android.gms:play-services-measurement:22.1.2] AndroidManifest.xml:26:22-107
35
36    <permission
36-->[androidx.core:core:1.13.1] AndroidManifest.xml:22:5-24:47
37        android:name="com.aslahmogral.wirdullatif.DYNAMIC_RECEIVER_NOT_EXPORTED_PERMISSION"
37-->[androidx.core:core:1.13.1] AndroidManifest.xml:23:9-81
38        android:protectionLevel="signature" />
38-->[androidx.core:core:1.13.1] AndroidManifest.xml:24:9-44
39
40    <uses-permission android:name="com.aslahmogral.wirdullatif.DYNAMIC_RECEIVER_NOT_EXPORTED_PERMISSION" />
40-->[androidx.core:core:1.13.1] AndroidManifest.xml:26:5-97
40-->[androidx.core:core:1.13.1] AndroidManifest.xml:26:22-94
41
42    <application
43        android:name="android.app.Application"
43-->src/main/AndroidManifest.xml:4:9-42
44        android:appComponentFactory="androidx.core.app.CoreComponentFactory"
44-->[androidx.core:core:1.13.1] AndroidManifest.xml:28:18-86
45        android:extractNativeLibs="true"
46        android:icon="@mipmap/ic_launcher"
46-->src/main/AndroidManifest.xml:5:9-43
47        android:label="Wirdul Latif Pro" >
47-->src/main/AndroidManifest.xml:3:9-41
48        <activity
48-->src/main/AndroidManifest.xml:6:9-27:20
49            android:name="com.aslahmogral.wirdullatif.MainActivity"
49-->src/main/AndroidManifest.xml:7:13-41
50            android:configChanges="orientation|keyboardHidden|keyboard|screenSize|smallestScreenSize|locale|layoutDirection|fontScale|screenLayout|density|uiMode"
50-->src/main/AndroidManifest.xml:12:13-163
51            android:exported="true"
51-->src/main/AndroidManifest.xml:8:13-36
52            android:hardwareAccelerated="true"
52-->src/main/AndroidManifest.xml:13:13-47
53            android:launchMode="singleTop"
53-->src/main/AndroidManifest.xml:9:13-43
54            android:taskAffinity=""
54-->src/main/AndroidManifest.xml:10:13-36
55            android:theme="@style/LaunchTheme"
55-->src/main/AndroidManifest.xml:11:13-47
56            android:windowSoftInputMode="adjustResize" >
56-->src/main/AndroidManifest.xml:14:13-55
57
58            <!--
59                 Specifies an Android theme to apply to this Activity as soon as
60                 the Android process has started. This theme is visible to the user
61                 while the Flutter UI initializes. After that, this theme continues
62                 to determine the Window background behind the Flutter UI.
63            -->
64            <meta-data
64-->src/main/AndroidManifest.xml:19:13-22:17
65                android:name="io.flutter.embedding.android.NormalTheme"
65-->src/main/AndroidManifest.xml:20:15-70
66                android:resource="@style/NormalTheme" />
66-->src/main/AndroidManifest.xml:21:15-52
67
68            <intent-filter>
68-->src/main/AndroidManifest.xml:23:13-26:29
69                <action android:name="android.intent.action.MAIN" />
69-->src/main/AndroidManifest.xml:24:17-68
69-->src/main/AndroidManifest.xml:24:25-66
70
71                <category android:name="android.intent.category.LAUNCHER" />
71-->src/main/AndroidManifest.xml:25:17-76
71-->src/main/AndroidManifest.xml:25:27-74
72            </intent-filter>
73        </activity>
74        <!--
75             Don't delete the meta-data below.
76             This is used by the Flutter tool to generate GeneratedPluginRegistrant.java
77        -->
78        <meta-data
78-->src/main/AndroidManifest.xml:30:9-32:33
79            android:name="flutterEmbedding"
79-->src/main/AndroidManifest.xml:31:13-44
80            android:value="2" />
80-->src/main/AndroidManifest.xml:32:13-30
81        <!--
82           Declares a provider which allows us to store files to share in
83           '.../caches/share_plus' and grant the receiving action access
84        -->
85        <provider
85-->[:share_plus] AndroidManifest.xml:13:9-21:20
86            android:name="dev.fluttercommunity.plus.share.ShareFileProvider"
86-->[:share_plus] AndroidManifest.xml:14:13-77
87            android:authorities="com.aslahmogral.wirdullatif.flutter.share_provider"
87-->[:share_plus] AndroidManifest.xml:15:13-74
88            android:exported="false"
88-->[:share_plus] AndroidManifest.xml:16:13-37
89            android:grantUriPermissions="true" >
89-->[:share_plus] AndroidManifest.xml:17:13-47
90            <meta-data
90-->[:share_plus] AndroidManifest.xml:18:13-20:68
91                android:name="android.support.FILE_PROVIDER_PATHS"
91-->[:share_plus] AndroidManifest.xml:19:17-67
92                android:resource="@xml/flutter_share_file_paths" />
92-->[:share_plus] AndroidManifest.xml:20:17-65
93        </provider>
94        <!--
95           This manifest declared broadcast receiver allows us to use an explicit
96           Intent when creating a PendingItent to be informed of the user's choice
97        -->
98        <receiver
98-->[:share_plus] AndroidManifest.xml:26:9-32:20
99            android:name="dev.fluttercommunity.plus.share.SharePlusPendingIntent"
99-->[:share_plus] AndroidManifest.xml:27:13-82
100            android:exported="false" >
100-->[:share_plus] AndroidManifest.xml:28:13-37
101            <intent-filter>
101-->[:share_plus] AndroidManifest.xml:29:13-31:29
102                <action android:name="EXTRA_CHOSEN_COMPONENT" />
102-->[:share_plus] AndroidManifest.xml:30:17-65
102-->[:share_plus] AndroidManifest.xml:30:25-62
103            </intent-filter>
104        </receiver>
105
106        <activity
106-->[:flutter_inappwebview_android] AndroidManifest.xml:14:9-18:47
107            android:name="com.pichillilorenzo.flutter_inappwebview_android.in_app_browser.InAppBrowserActivity"
107-->[:flutter_inappwebview_android] AndroidManifest.xml:15:13-112
108            android:configChanges="orientation|keyboardHidden|keyboard|screenSize|locale|layoutDirection|fontScale|screenLayout|density"
108-->[:flutter_inappwebview_android] AndroidManifest.xml:16:13-137
109            android:exported="false"
109-->[:flutter_inappwebview_android] AndroidManifest.xml:17:13-37
110            android:theme="@style/AppTheme" />
110-->[:flutter_inappwebview_android] AndroidManifest.xml:18:13-44
111        <activity
111-->[:flutter_inappwebview_android] AndroidManifest.xml:19:9-22:55
112            android:name="com.pichillilorenzo.flutter_inappwebview_android.chrome_custom_tabs.ChromeCustomTabsActivity"
112-->[:flutter_inappwebview_android] AndroidManifest.xml:20:13-120
113            android:exported="false"
113-->[:flutter_inappwebview_android] AndroidManifest.xml:21:13-37
114            android:theme="@style/ThemeTransparent" />
114-->[:flutter_inappwebview_android] AndroidManifest.xml:22:13-52
115        <activity
115-->[:flutter_inappwebview_android] AndroidManifest.xml:23:9-26:55
116            android:name="com.pichillilorenzo.flutter_inappwebview_android.chrome_custom_tabs.TrustedWebActivity"
116-->[:flutter_inappwebview_android] AndroidManifest.xml:24:13-114
117            android:exported="false"
117-->[:flutter_inappwebview_android] AndroidManifest.xml:25:13-37
118            android:theme="@style/ThemeTransparent" />
118-->[:flutter_inappwebview_android] AndroidManifest.xml:26:13-52
119        <activity
119-->[:flutter_inappwebview_android] AndroidManifest.xml:27:9-31:55
120            android:name="com.pichillilorenzo.flutter_inappwebview_android.chrome_custom_tabs.ChromeCustomTabsActivitySingleInstance"
120-->[:flutter_inappwebview_android] AndroidManifest.xml:28:13-134
121            android:exported="false"
121-->[:flutter_inappwebview_android] AndroidManifest.xml:29:13-37
122            android:launchMode="singleInstance"
122-->[:flutter_inappwebview_android] AndroidManifest.xml:30:13-48
123            android:theme="@style/ThemeTransparent" />
123-->[:flutter_inappwebview_android] AndroidManifest.xml:31:13-52
124        <activity
124-->[:flutter_inappwebview_android] AndroidManifest.xml:32:9-36:55
125            android:name="com.pichillilorenzo.flutter_inappwebview_android.chrome_custom_tabs.TrustedWebActivitySingleInstance"
125-->[:flutter_inappwebview_android] AndroidManifest.xml:33:13-128
126            android:exported="false"
126-->[:flutter_inappwebview_android] AndroidManifest.xml:34:13-37
127            android:launchMode="singleInstance"
127-->[:flutter_inappwebview_android] AndroidManifest.xml:35:13-48
128            android:theme="@style/ThemeTransparent" />
128-->[:flutter_inappwebview_android] AndroidManifest.xml:36:13-52
129
130        <receiver
130-->[:flutter_inappwebview_android] AndroidManifest.xml:38:9-41:40
131            android:name="com.pichillilorenzo.flutter_inappwebview_android.chrome_custom_tabs.ActionBroadcastReceiver"
131-->[:flutter_inappwebview_android] AndroidManifest.xml:39:13-119
132            android:enabled="true"
132-->[:flutter_inappwebview_android] AndroidManifest.xml:40:13-35
133            android:exported="false" />
133-->[:flutter_inappwebview_android] AndroidManifest.xml:41:13-37
134
135        <meta-data
135-->[:flutter_inappwebview_android] AndroidManifest.xml:43:9-45:36
136            android:name="io.flutter.embedded_views_preview"
136-->[:flutter_inappwebview_android] AndroidManifest.xml:44:13-61
137            android:value="true" />
137-->[:flutter_inappwebview_android] AndroidManifest.xml:45:13-33
138
139        <activity
139-->[:url_launcher_android] AndroidManifest.xml:8:9-11:74
140            android:name="io.flutter.plugins.urllauncher.WebViewActivity"
140-->[:url_launcher_android] AndroidManifest.xml:9:13-74
141            android:exported="false"
141-->[:url_launcher_android] AndroidManifest.xml:10:13-37
142            android:theme="@android:style/Theme.NoTitleBar.Fullscreen" />
142-->[:url_launcher_android] AndroidManifest.xml:11:13-71
143
144        <service
144-->[:firebase_analytics] AndroidManifest.xml:12:9-16:19
145            android:name="com.google.firebase.components.ComponentDiscoveryService"
145-->[:firebase_analytics] AndroidManifest.xml:12:18-89
146            android:directBootAware="true"
146-->[com.google.firebase:firebase-common:21.0.0] AndroidManifest.xml:32:13-43
147            android:exported="false" >
147-->[com.google.android.gms:play-services-measurement-api:22.1.2] AndroidManifest.xml:36:13-37
148            <meta-data
148-->[:firebase_analytics] AndroidManifest.xml:13:13-15:85
149                android:name="com.google.firebase.components:io.flutter.plugins.firebase.analytics.FlutterFirebaseAppRegistrar"
149-->[:firebase_analytics] AndroidManifest.xml:14:17-128
150                android:value="com.google.firebase.components.ComponentRegistrar" />
150-->[:firebase_analytics] AndroidManifest.xml:15:17-82
151            <meta-data
151-->[:firebase_core] AndroidManifest.xml:9:13-11:85
152                android:name="com.google.firebase.components:io.flutter.plugins.firebase.core.FlutterFirebaseCoreRegistrar"
152-->[:firebase_core] AndroidManifest.xml:10:17-124
153                android:value="com.google.firebase.components.ComponentRegistrar" />
153-->[:firebase_core] AndroidManifest.xml:11:17-82
154            <meta-data
154-->[com.google.android.gms:play-services-measurement-api:22.1.2] AndroidManifest.xml:37:13-39:85
155                android:name="com.google.firebase.components:com.google.firebase.analytics.connector.internal.AnalyticsConnectorRegistrar"
155-->[com.google.android.gms:play-services-measurement-api:22.1.2] AndroidManifest.xml:38:17-139
156                android:value="com.google.firebase.components.ComponentRegistrar" />
156-->[com.google.android.gms:play-services-measurement-api:22.1.2] AndroidManifest.xml:39:17-82
157            <meta-data
157-->[com.google.firebase:firebase-installations:18.0.0] AndroidManifest.xml:15:13-17:85
158                android:name="com.google.firebase.components:com.google.firebase.installations.FirebaseInstallationsKtxRegistrar"
158-->[com.google.firebase:firebase-installations:18.0.0] AndroidManifest.xml:16:17-130
159                android:value="com.google.firebase.components.ComponentRegistrar" />
159-->[com.google.firebase:firebase-installations:18.0.0] AndroidManifest.xml:17:17-82
160            <meta-data
160-->[com.google.firebase:firebase-installations:18.0.0] AndroidManifest.xml:18:13-20:85
161                android:name="com.google.firebase.components:com.google.firebase.installations.FirebaseInstallationsRegistrar"
161-->[com.google.firebase:firebase-installations:18.0.0] AndroidManifest.xml:19:17-127
162                android:value="com.google.firebase.components.ComponentRegistrar" />
162-->[com.google.firebase:firebase-installations:18.0.0] AndroidManifest.xml:20:17-82
163            <meta-data
163-->[com.google.firebase:firebase-common-ktx:21.0.0] AndroidManifest.xml:12:13-14:85
164                android:name="com.google.firebase.components:com.google.firebase.ktx.FirebaseCommonLegacyRegistrar"
164-->[com.google.firebase:firebase-common-ktx:21.0.0] AndroidManifest.xml:13:17-116
165                android:value="com.google.firebase.components.ComponentRegistrar" />
165-->[com.google.firebase:firebase-common-ktx:21.0.0] AndroidManifest.xml:14:17-82
166            <meta-data
166-->[com.google.firebase:firebase-common:21.0.0] AndroidManifest.xml:35:13-37:85
167                android:name="com.google.firebase.components:com.google.firebase.FirebaseCommonKtxRegistrar"
167-->[com.google.firebase:firebase-common:21.0.0] AndroidManifest.xml:36:17-109
168                android:value="com.google.firebase.components.ComponentRegistrar" />
168-->[com.google.firebase:firebase-common:21.0.0] AndroidManifest.xml:37:17-82
169        </service>
170
171        <uses-library
171-->[androidx.window:window:1.2.0] AndroidManifest.xml:23:9-25:40
172            android:name="androidx.window.extensions"
172-->[androidx.window:window:1.2.0] AndroidManifest.xml:24:13-54
173            android:required="false" />
173-->[androidx.window:window:1.2.0] AndroidManifest.xml:25:13-37
174        <uses-library
174-->[androidx.window:window:1.2.0] AndroidManifest.xml:26:9-28:40
175            android:name="androidx.window.sidecar"
175-->[androidx.window:window:1.2.0] AndroidManifest.xml:27:13-51
176            android:required="false" />
176-->[androidx.window:window:1.2.0] AndroidManifest.xml:28:13-37
177
178        <provider
178-->[androidx.emoji2:emoji2:1.2.0] AndroidManifest.xml:24:9-32:20
179            android:name="androidx.startup.InitializationProvider"
179-->[androidx.emoji2:emoji2:1.2.0] AndroidManifest.xml:25:13-67
180            android:authorities="com.aslahmogral.wirdullatif.androidx-startup"
180-->[androidx.emoji2:emoji2:1.2.0] AndroidManifest.xml:26:13-68
181            android:exported="false" >
181-->[androidx.emoji2:emoji2:1.2.0] AndroidManifest.xml:27:13-37
182            <meta-data
182-->[androidx.emoji2:emoji2:1.2.0] AndroidManifest.xml:29:13-31:52
183                android:name="androidx.emoji2.text.EmojiCompatInitializer"
183-->[androidx.emoji2:emoji2:1.2.0] AndroidManifest.xml:30:17-75
184                android:value="androidx.startup" />
184-->[androidx.emoji2:emoji2:1.2.0] AndroidManifest.xml:31:17-49
185            <meta-data
185-->[androidx.lifecycle:lifecycle-process:2.7.0] AndroidManifest.xml:29:13-31:52
186                android:name="androidx.lifecycle.ProcessLifecycleInitializer"
186-->[androidx.lifecycle:lifecycle-process:2.7.0] AndroidManifest.xml:30:17-78
187                android:value="androidx.startup" />
187-->[androidx.lifecycle:lifecycle-process:2.7.0] AndroidManifest.xml:31:17-49
188            <meta-data
188-->[androidx.profileinstaller:profileinstaller:1.3.1] AndroidManifest.xml:29:13-31:52
189                android:name="androidx.profileinstaller.ProfileInstallerInitializer"
189-->[androidx.profileinstaller:profileinstaller:1.3.1] AndroidManifest.xml:30:17-85
190                android:value="androidx.startup" />
190-->[androidx.profileinstaller:profileinstaller:1.3.1] AndroidManifest.xml:31:17-49
191        </provider>
192
193        <property
193-->[com.google.android.gms:play-services-measurement-api:22.1.2] AndroidManifest.xml:30:9-32:61
194            android:name="android.adservices.AD_SERVICES_CONFIG"
194-->[com.google.android.gms:play-services-measurement-api:22.1.2] AndroidManifest.xml:31:13-65
195            android:resource="@xml/ga_ad_services_config" />
195-->[com.google.android.gms:play-services-measurement-api:22.1.2] AndroidManifest.xml:32:13-58
196
197        <provider
197-->[com.google.firebase:firebase-common:21.0.0] AndroidManifest.xml:23:9-28:39
198            android:name="com.google.firebase.provider.FirebaseInitProvider"
198-->[com.google.firebase:firebase-common:21.0.0] AndroidManifest.xml:24:13-77
199            android:authorities="com.aslahmogral.wirdullatif.firebaseinitprovider"
199-->[com.google.firebase:firebase-common:21.0.0] AndroidManifest.xml:25:13-72
200            android:directBootAware="true"
200-->[com.google.firebase:firebase-common:21.0.0] AndroidManifest.xml:26:13-43
201            android:exported="false"
201-->[com.google.firebase:firebase-common:21.0.0] AndroidManifest.xml:27:13-37
202            android:initOrder="100" />
202-->[com.google.firebase:firebase-common:21.0.0] AndroidManifest.xml:28:13-36
203
204        <receiver
204-->[com.google.android.gms:play-services-measurement:22.1.2] AndroidManifest.xml:29:9-33:20
205            android:name="com.google.android.gms.measurement.AppMeasurementReceiver"
205-->[com.google.android.gms:play-services-measurement:22.1.2] AndroidManifest.xml:30:13-85
206            android:enabled="true"
206-->[com.google.android.gms:play-services-measurement:22.1.2] AndroidManifest.xml:31:13-35
207            android:exported="false" >
207-->[com.google.android.gms:play-services-measurement:22.1.2] AndroidManifest.xml:32:13-37
208        </receiver>
209
210        <service
210-->[com.google.android.gms:play-services-measurement:22.1.2] AndroidManifest.xml:35:9-38:40
211            android:name="com.google.android.gms.measurement.AppMeasurementService"
211-->[com.google.android.gms:play-services-measurement:22.1.2] AndroidManifest.xml:36:13-84
212            android:enabled="true"
212-->[com.google.android.gms:play-services-measurement:22.1.2] AndroidManifest.xml:37:13-35
213            android:exported="false" />
213-->[com.google.android.gms:play-services-measurement:22.1.2] AndroidManifest.xml:38:13-37
214        <service
214-->[com.google.android.gms:play-services-measurement:22.1.2] AndroidManifest.xml:39:9-43:72
215            android:name="com.google.android.gms.measurement.AppMeasurementJobService"
215-->[com.google.android.gms:play-services-measurement:22.1.2] AndroidManifest.xml:40:13-87
216            android:enabled="true"
216-->[com.google.android.gms:play-services-measurement:22.1.2] AndroidManifest.xml:41:13-35
217            android:exported="false"
217-->[com.google.android.gms:play-services-measurement:22.1.2] AndroidManifest.xml:42:13-37
218            android:permission="android.permission.BIND_JOB_SERVICE" />
218-->[com.google.android.gms:play-services-measurement:22.1.2] AndroidManifest.xml:43:13-69
219
220        <activity
220-->[com.google.android.gms:play-services-base:18.5.0] AndroidManifest.xml:5:9-173
221            android:name="com.google.android.gms.common.api.GoogleApiActivity"
221-->[com.google.android.gms:play-services-base:18.5.0] AndroidManifest.xml:5:19-85
222            android:exported="false"
222-->[com.google.android.gms:play-services-base:18.5.0] AndroidManifest.xml:5:146-170
223            android:theme="@android:style/Theme.Translucent.NoTitleBar" />
223-->[com.google.android.gms:play-services-base:18.5.0] AndroidManifest.xml:5:86-145
224
225        <uses-library
225-->[androidx.privacysandbox.ads:ads-adservices:1.0.0-beta05] AndroidManifest.xml:23:9-25:40
226            android:name="android.ext.adservices"
226-->[androidx.privacysandbox.ads:ads-adservices:1.0.0-beta05] AndroidManifest.xml:24:13-50
227            android:required="false" />
227-->[androidx.privacysandbox.ads:ads-adservices:1.0.0-beta05] AndroidManifest.xml:25:13-37
228
229        <meta-data
229-->[com.google.android.gms:play-services-basement:18.4.0] AndroidManifest.xml:6:9-122
230            android:name="com.google.android.gms.version"
230-->[com.google.android.gms:play-services-basement:18.4.0] AndroidManifest.xml:6:20-65
231            android:value="@integer/google_play_services_version" />
231-->[com.google.android.gms:play-services-basement:18.4.0] AndroidManifest.xml:6:66-119
232
233        <receiver
233-->[androidx.profileinstaller:profileinstaller:1.3.1] AndroidManifest.xml:34:9-52:20
234            android:name="androidx.profileinstaller.ProfileInstallReceiver"
234-->[androidx.profileinstaller:profileinstaller:1.3.1] AndroidManifest.xml:35:13-76
235            android:directBootAware="false"
235-->[androidx.profileinstaller:profileinstaller:1.3.1] AndroidManifest.xml:36:13-44
236            android:enabled="true"
236-->[androidx.profileinstaller:profileinstaller:1.3.1] AndroidManifest.xml:37:13-35
237            android:exported="true"
237-->[androidx.profileinstaller:profileinstaller:1.3.1] AndroidManifest.xml:38:13-36
238            android:permission="android.permission.DUMP" >
238-->[androidx.profileinstaller:profileinstaller:1.3.1] AndroidManifest.xml:39:13-57
239            <intent-filter>
239-->[androidx.profileinstaller:profileinstaller:1.3.1] AndroidManifest.xml:40:13-42:29
240                <action android:name="androidx.profileinstaller.action.INSTALL_PROFILE" />
240-->[androidx.profileinstaller:profileinstaller:1.3.1] AndroidManifest.xml:41:17-91
240-->[androidx.profileinstaller:profileinstaller:1.3.1] AndroidManifest.xml:41:25-88
241            </intent-filter>
242            <intent-filter>
242-->[androidx.profileinstaller:profileinstaller:1.3.1] AndroidManifest.xml:43:13-45:29
243                <action android:name="androidx.profileinstaller.action.SKIP_FILE" />
243-->[androidx.profileinstaller:profileinstaller:1.3.1] AndroidManifest.xml:44:17-85
243-->[androidx.profileinstaller:profileinstaller:1.3.1] AndroidManifest.xml:44:25-82
244            </intent-filter>
245            <intent-filter>
245-->[androidx.profileinstaller:profileinstaller:1.3.1] AndroidManifest.xml:46:13-48:29
246                <action android:name="androidx.profileinstaller.action.SAVE_PROFILE" />
246-->[androidx.profileinstaller:profileinstaller:1.3.1] AndroidManifest.xml:47:17-88
246-->[androidx.profileinstaller:profileinstaller:1.3.1] AndroidManifest.xml:47:25-85
247            </intent-filter>
248            <intent-filter>
248-->[androidx.profileinstaller:profileinstaller:1.3.1] AndroidManifest.xml:49:13-51:29
249                <action android:name="androidx.profileinstaller.action.BENCHMARK_OPERATION" />
249-->[androidx.profileinstaller:profileinstaller:1.3.1] AndroidManifest.xml:50:17-95
249-->[androidx.profileinstaller:profileinstaller:1.3.1] AndroidManifest.xml:50:25-92
250            </intent-filter>
251        </receiver>
252    </application>
253
254</manifest>